<?xml version="1.0" encoding="UTF-8"?>
<!-- Generated by org.testng.reporters.JUnitXMLReporter -->
<testsuite ignored="0" hostname="DESKTOP-PAM2I5O" failures="1" tests="1" name="Chrome" time="0.085" errors="0" timestamp="2024-06-15T10:31:45 IST">
  <testcase classname="TestBase.Baseclass" name="@AfterClass teardown" time="0.001">
    <failure type="java.lang.NullPointerException" message="Cannot invoke &amp;quot;org.openqa.selenium.WebDriver.manage()&amp;quot; because &amp;quot;this.driver&amp;quot; is null">
      <![CDATA[java.lang.NullPointerException: Cannot invoke "org.openqa.selenium.WebDriver.manage()" because "this.driver" is null
at TestBase.Baseclass.teardown(Baseclass.java:60)
at java.base/java.util.ArrayList.forEach(ArrayList.java:1596)
... Removed 24 stack frames]]>
    </failure>
  </testcase> <!-- @AfterClass teardown -->
  <testcase classname="TestCases.TC_001_AccountRegistrationTest" name="HomePageLogin" time="0.028">
    <failure type="java.lang.AssertionError" message="null">
      <![CDATA[java.lang.AssertionError: null
at TestCases.TC_001_AccountRegistrationTest.HomePageLogin(TC_001_AccountRegistrationTest.java:70)
at java.base/java.util.ArrayList.forEach(ArrayList.java:1596)
... Removed 27 stack frames]]>
    </failure>
  </testcase> <!-- HomePageLogin -->
</testsuite> <!-- Chrome -->
