<?xml version="1.0" encoding="UTF-8"?>
<testng-results ignored="0" total="2" passed="2" failed="0" skipped="0">
  <reporter-output>
  </reporter-output>
  <suite started-at="2024-06-17T08:09:44 IST" name="Suite" finished-at="2024-06-17T08:09:54 IST" duration-ms="10281">
    <groups>
      <group name="Master">
        <method signature="TC_001_AccountRegistrationTest.HomePageLogin()[pri:0, instance:TestCases.TC_001_AccountRegistrationTest@5a9d6f02]" name="HomePageLogin" class="TestCases.TC_001_AccountRegistrationTest"/>
        <method signature="TC_002_LoginTest.verify_login()[pri:0, instance:TestCases.TC_002_LoginTest@31d0e481]" name="verify_login" class="TestCases.TC_002_LoginTest"/>
      </group> <!-- Master -->
      <group name="Sanity">
        <method signature="TC_002_LoginTest.verify_login()[pri:0, instance:TestCases.TC_002_LoginTest@31d0e481]" name="verify_login" class="TestCases.TC_002_LoginTest"/>
      </group> <!-- Sanity -->
      <group name="Regression">
        <method signature="TC_001_AccountRegistrationTest.HomePageLogin()[pri:0, instance:TestCases.TC_001_AccountRegistrationTest@5a9d6f02]" name="HomePageLogin" class="TestCases.TC_001_AccountRegistrationTest"/>
      </group> <!-- Regression -->
    </groups>
    <test started-at="2024-06-17T08:09:44 IST" name="Test" finished-at="2024-06-17T08:09:54 IST" duration-ms="10281">
      <class name="TestCases.TC_001_AccountRegistrationTest">
        <test-method is-config="true" signature="setup(java.lang.String,java.lang.String)[pri:0, instance:TestCases.TC_001_AccountRegistrationTest@5a9d6f02]" started-at="2024-06-17T08:09:44 IST" name="setup" finished-at="2024-06-17T08:09:46 IST" duration-ms="2334" status="PASS">
          <params>
            <param index="0">
              <value>
                <![CDATA[Windows]]>
              </value>
            </param>
            <param index="1">
              <value>
                <![CDATA[chrome]]>
              </value>
            </param>
          </params>
          <reporter-output>
          </reporter-output>
        </test-method> <!-- setup -->
        <test-method signature="HomePageLogin()[pri:0, instance:TestCases.TC_001_AccountRegistrationTest@5a9d6f02]" started-at="2024-06-17T08:09:46 IST" name="HomePageLogin" finished-at="2024-06-17T08:09:50 IST" duration-ms="3936" status="PASS">
          <reporter-output>
          </reporter-output>
        </test-method> <!-- HomePageLogin -->
        <test-method is-config="true" signature="teardown()[pri:0, instance:TestCases.TC_001_AccountRegistrationTest@5a9d6f02]" started-at="2024-06-17T08:09:50 IST" name="teardown" finished-at="2024-06-17T08:09:50 IST" duration-ms="64" status="PASS">
          <reporter-output>
          </reporter-output>
        </test-method> <!-- teardown -->
      </class> <!-- TestCases.TC_001_AccountRegistrationTest -->
      <class name="TestCases.TC_002_LoginTest">
        <test-method is-config="true" signature="setup(java.lang.String,java.lang.String)[pri:0, instance:TestCases.TC_002_LoginTest@31d0e481]" started-at="2024-06-17T08:09:50 IST" name="setup" finished-at="2024-06-17T08:09:52 IST" duration-ms="2199" status="PASS">
          <params>
            <param index="0">
              <value>
                <![CDATA[Windows]]>
              </value>
            </param>
            <param index="1">
              <value>
                <![CDATA[chrome]]>
              </value>
            </param>
          </params>
          <reporter-output>
          </reporter-output>
        </test-method> <!-- setup -->
        <test-method signature="verify_login()[pri:0, instance:TestCases.TC_002_LoginTest@31d0e481]" started-at="2024-06-17T08:09:52 IST" name="verify_login" finished-at="2024-06-17T08:09:54 IST" duration-ms="1391" status="PASS">
          <reporter-output>
          </reporter-output>
        </test-method> <!-- verify_login -->
        <test-method is-config="true" signature="teardown()[pri:0, instance:TestCases.TC_002_LoginTest@31d0e481]" started-at="2024-06-17T08:09:54 IST" name="teardown" finished-at="2024-06-17T08:09:54 IST" duration-ms="127" status="PASS">
          <reporter-output>
          </reporter-output>
        </test-method> <!-- teardown -->
      </class> <!-- TestCases.TC_002_LoginTest -->
    </test> <!-- Test -->
  </suite> <!-- Suite -->
</testng-results>
