<?xml version="1.0" encoding="UTF-8"?>
<testng-results ignored="0" total="2" passed="2" failed="0" skipped="0">
  <reporter-output>
  </reporter-output>
  <suite started-at="2024-06-17T07:23:38 IST" name="Suite" finished-at="2024-06-17T07:23:49 IST" duration-ms="10954">
    <groups>
      <group name="Master">
        <method signature="TC_001_AccountRegistrationTest.HomePageLogin()[pri:0, instance:TestCases.TC_001_AccountRegistrationTest@6955cb39]" name="HomePageLogin" class="TestCases.TC_001_AccountRegistrationTest"/>
        <method signature="TC_002_LoginTest.verify_login()[pri:0, instance:TestCases.TC_002_LoginTest@3a1dd365]" name="verify_login" class="TestCases.TC_002_LoginTest"/>
      </group> <!-- Master -->
      <group name="Sanity">
        <method signature="TC_002_LoginTest.verify_login()[pri:0, instance:TestCases.TC_002_LoginTest@3a1dd365]" name="verify_login" class="TestCases.TC_002_LoginTest"/>
      </group> <!-- Sanity -->
      <group name="Regression">
        <method signature="TC_001_AccountRegistrationTest.HomePageLogin()[pri:0, instance:TestCases.TC_001_AccountRegistrationTest@6955cb39]" name="HomePageLogin" class="TestCases.TC_001_AccountRegistrationTest"/>
      </group> <!-- Regression -->
    </groups>
    <test started-at="2024-06-17T07:23:38 IST" name="Test" finished-at="2024-06-17T07:23:49 IST" duration-ms="10954">
      <class name="TestCases.TC_001_AccountRegistrationTest">
        <test-method is-config="true" signature="setup(java.lang.String,java.lang.String)[pri:0, instance:TestCases.TC_001_AccountRegistrationTest@6955cb39]" started-at="2024-06-17T07:23:39 IST" name="setup" finished-at="2024-06-17T07:23:42 IST" duration-ms="3554" status="PASS">
          <params>
            <param index="0">
              <value>
                <![CDATA[Windows]]>
              </value>
            </param>
            <param index="1">
              <value>
                <![CDATA[chrome]]>
              </value>
            </param>
          </params>
          <reporter-output>
          </reporter-output>
        </test-method> <!-- setup -->
        <test-method signature="HomePageLogin()[pri:0, instance:TestCases.TC_001_AccountRegistrationTest@6955cb39]" started-at="2024-06-17T07:23:42 IST" name="HomePageLogin" finished-at="2024-06-17T07:23:46 IST" duration-ms="3923" status="PASS">
          <reporter-output>
          </reporter-output>
        </test-method> <!-- HomePageLogin -->
        <test-method is-config="true" signature="teardown()[pri:0, instance:TestCases.TC_001_AccountRegistrationTest@6955cb39]" started-at="2024-06-17T07:23:46 IST" name="teardown" finished-at="2024-06-17T07:23:46 IST" duration-ms="101" status="PASS">
          <reporter-output>
          </reporter-output>
        </test-method> <!-- teardown -->
      </class> <!-- TestCases.TC_001_AccountRegistrationTest -->
      <class name="TestCases.TC_002_LoginTest">
        <test-method is-config="true" signature="setup(java.lang.String,java.lang.String)[pri:0, instance:TestCases.TC_002_LoginTest@3a1dd365]" started-at="2024-06-17T07:23:46 IST" name="setup" finished-at="2024-06-17T07:23:48 IST" duration-ms="1845" status="PASS">
          <params>
            <param index="0">
              <value>
                <![CDATA[Windows]]>
              </value>
            </param>
            <param index="1">
              <value>
                <![CDATA[chrome]]>
              </value>
            </param>
          </params>
          <reporter-output>
          </reporter-output>
        </test-method> <!-- setup -->
        <test-method signature="verify_login()[pri:0, instance:TestCases.TC_002_LoginTest@3a1dd365]" started-at="2024-06-17T07:23:48 IST" name="verify_login" finished-at="2024-06-17T07:23:49 IST" duration-ms="1213" status="PASS">
          <reporter-output>
          </reporter-output>
        </test-method> <!-- verify_login -->
        <test-method is-config="true" signature="teardown()[pri:0, instance:TestCases.TC_002_LoginTest@3a1dd365]" started-at="2024-06-17T07:23:49 IST" name="teardown" finished-at="2024-06-17T07:23:49 IST" duration-ms="75" status="PASS">
          <reporter-output>
          </reporter-output>
        </test-method> <!-- teardown -->
      </class> <!-- TestCases.TC_002_LoginTest -->
    </test> <!-- Test -->
  </suite> <!-- Suite -->
</testng-results>
